<?xml version="1.0" encoding="UTF-8"?>
<!-- Generated by org.testng.reporters.JUnitReportReporter -->
<testsuite skipped="0" hostname="DESKTOP-7GP1KNR" name="TestNG.addbook" tests="1" failures="0" timestamp="16 Nov 2019 15:18:56 GMT" time="18.717" errors="0">
  <testcase name="verifyaddbook" time="18.717" classname="TestNG.addbook"/>
</testsuite> <!-- TestNG.addbook -->
